[19-Mar-2023 11:48:52 UTC] Sync process for Gutenberg Blocks has started.
[19-Mar-2023 11:48:52 UTC] CATEGORY:Importing categories..
[19-Mar-2023 11:48:53 UTC] CATEGORY:Storing in option ast-block-templates-categories
[19-Mar-2023 11:48:53 UTC] CATEGORY:Completed category import.
[19-Mar-2023 11:48:53 UTC] BLOCK: Getting Total Blocks
[19-Mar-2023 11:48:53 UTC] BLOCK: https://websitedemos.net/wp-json/astra-blocks/v1/get-blocks-count/?page_builder=gutenberg&wireframe=yes
[19-Mar-2023 11:48:54 UTC] BLOCK: Requests count 4
[19-Mar-2023 11:48:54 UTC] BLOCK: Importing request 1 ..
[19-Mar-2023 11:48:54 UTC] BLOCK: https://websitedemos.net/wp-json/astra-blocks/v1/blocks/?page_builder=gutenberg&per_page=100&page=1&wireframe=yes
[19-Mar-2023 11:48:54 UTC] BLOCK: Storing in option ast-block-templates-blocks-1
[19-Mar-2023 11:48:54 UTC] BLOCK: Completed request 1
[19-Mar-2023 11:48:54 UTC] BLOCK: Importing request 2 ..
[19-Mar-2023 11:48:54 UTC] BLOCK: https://websitedemos.net/wp-json/astra-blocks/v1/blocks/?page_builder=gutenberg&per_page=100&page=2&wireframe=yes
[19-Mar-2023 11:48:55 UTC] BLOCK: Storing in option ast-block-templates-blocks-2
[19-Mar-2023 11:48:55 UTC] BLOCK: Completed request 2
[19-Mar-2023 11:48:55 UTC] BLOCK: Importing request 3 ..
[19-Mar-2023 11:48:55 UTC] BLOCK: https://websitedemos.net/wp-json/astra-blocks/v1/blocks/?page_builder=gutenberg&per_page=100&page=3&wireframe=yes
[19-Mar-2023 11:48:56 UTC] BLOCK: Storing in option ast-block-templates-blocks-3
[19-Mar-2023 11:48:56 UTC] BLOCK: Completed request 3
[19-Mar-2023 11:48:56 UTC] BLOCK: Importing request 4 ..
[19-Mar-2023 11:48:56 UTC] BLOCK: https://websitedemos.net/wp-json/astra-blocks/v1/blocks/?page_builder=gutenberg&per_page=100&page=4&wireframe=yes
[19-Mar-2023 11:48:56 UTC] BLOCK: Storing in option ast-block-templates-blocks-4
[19-Mar-2023 11:48:56 UTC] BLOCK: Completed request 4
[19-Mar-2023 11:48:56 UTC] SITE: Getting Total Sites
[19-Mar-2023 11:48:56 UTC] SITE: https://websitedemos.net/wp-json/astra-sites/v1/get-total-pages/?page_builder=gutenberg
[19-Mar-2023 11:48:57 UTC] SITE: Request count 2
[19-Mar-2023 11:48:57 UTC] SITE: Importing request 1 ..
[19-Mar-2023 11:48:57 UTC] SITE: https://websitedemos.net/wp-json/astra-sites/v1/sites-and-pages/?per_page=100&page=1&page-builder=gutenberg
[19-Mar-2023 11:48:58 UTC] SITE: Storing in option ast-block-templates-sites-1
[19-Mar-2023 11:48:58 UTC] SITE: Completed request 1
[19-Mar-2023 11:48:58 UTC] SITE: Importing request 2 ..
[19-Mar-2023 11:48:58 UTC] SITE: https://websitedemos.net/wp-json/astra-sites/v1/sites-and-pages/?per_page=100&page=2&page-builder=gutenberg
[19-Mar-2023 11:48:59 UTC] SITE: Storing in option ast-block-templates-sites-2
[19-Mar-2023 11:48:59 UTC] SITE: Completed request 2
[19-Mar-2023 11:48:59 UTC] Sync process for Gutenberg Blocks is done.
